2024-07-11 16:26 -04:00: Server started on port 8670 and process id 83836
2024-07-11 16:26 -04:00: Connected to Redis
2024-07-11 16:26 -04:00: Database Connected..
2024-07-11 16:27 -04:00: Server started on port 8670 and process id 84709
2024-07-11 16:27 -04:00: Connected to Redis
2024-07-11 16:27 -04:00: Database Connected..
2024-07-11 16:27 -04:00: [0mOPTIONS /forum/all [32m200[0m 7.769 ms - 4[0m
2024-07-11 16:27 -04:00: [0mPOST /forum/all [32m200[0m 134.288 ms - 491[0m
2024-07-11 16:27 -04:00: [0mOPTIONS /group/all [32m200[0m 28.673 ms - 13[0m
2024-07-11 16:27 -04:00: {
  currentPage: 1,
  perPage: 12,
  forumId: '6671f570c367386008b040d9',
  userId: '612296fc86231100a0631b22'
}
2024-07-11 16:27 -04:00: [0mPOST /group/all [32m200[0m 211.435 ms - 4196[0m
2024-07-11 16:27 -04:00: A user connected
2024-07-11 16:27 -04:00: [0mOPTIONS /panel/discussions [32m200[0m 1.625 ms - 4[0m
2024-07-11 16:27 -04:00: { currentPage: 1, perPage: 12, groupId: '6671d7e304d3b921c9082369' }
2024-07-11 16:27 -04:00: [0mPOST /panel/discussions [32m200[0m 220.719 ms - 5216[0m
2024-07-11 16:27 -04:00: A user connected
2024-07-11 16:27 -04:00: A user connected
2024-07-11 16:27 -04:00: [0mOPTIONS /panel/discussions [32m200[0m 2.091 ms - 4[0m
2024-07-11 16:27 -04:00: { currentPage: 1, perPage: 12, groupId: '6671d7e304d3b921c9082369' }
2024-07-11 16:27 -04:00: 6671d7e304d3b921c9082369
2024-07-11 16:27 -04:00: [0mGET /group/6671d7e304d3b921c9082369 [36m304[0m 203.491 ms - -[0m
2024-07-11 16:27 -04:00: [0mPOST /panel/discussions [32m200[0m 257.813 ms - 5216[0m
2024-07-11 16:27 -04:00: A user connected
2024-07-11 16:27 -04:00: User disconnected
2024-07-11 16:27 -04:00: A user connected
2024-07-11 16:27 -04:00: User disconnected
2024-07-11 16:27 -04:00: A user connected
2024-07-11 16:27 -04:00: User disconnected
2024-07-11 16:27 -04:00: A user connected
2024-07-11 16:27 -04:00: User disconnected
2024-07-11 16:27 -04:00: A user connected
2024-07-11 16:27 -04:00: User disconnected
2024-07-11 16:27 -04:00: A user connected
2024-07-11 16:27 -04:00: User disconnected
2024-07-11 16:28 -04:00: A user connected
2024-07-11 16:28 -04:00: A user connected
2024-07-11 16:28 -04:00: A user connected
2024-07-11 16:28 -04:00: A user connected
2024-07-11 16:28 -04:00: User disconnected
2024-07-11 16:28 -04:00: A user connected
2024-07-11 16:28 -04:00: User disconnected
2024-07-11 16:28 -04:00: A user connected
2024-07-11 16:28 -04:00: A user connected
2024-07-11 16:28 -04:00: User disconnected
2024-07-11 16:28 -04:00: A user connected
2024-07-11 16:28 -04:00: User disconnected
2024-07-11 16:28 -04:00: A user connected
2024-07-11 16:28 -04:00: A user connected
2024-07-11 16:28 -04:00: A user connected
2024-07-11 16:28 -04:00: User disconnected
2024-07-11 16:28 -04:00: A user connected
2024-07-11 16:28 -04:00: User disconnected
2024-07-11 16:28 -04:00: A user connected
2024-07-11 16:28 -04:00: A user connected
2024-07-11 16:28 -04:00: User disconnected
2024-07-11 16:28 -04:00: A user connected
2024-07-11 16:28 -04:00: User disconnected
2024-07-11 16:28 -04:00: A user connected
2024-07-11 16:28 -04:00: User disconnected
2024-07-11 16:28 -04:00: A user connected
2024-07-11 16:28 -04:00: A user connected
